  Determining projects to restore...
  All projects are up-to-date for restore.
C:\Users\User\Desktop\uni\Advanced Programming\Project\e-shop\Services\GeminiChatbotService.cs(40,46): error CS1061: 'IProductService' does not contain a definition for 'GetProductsAsync' and no accessible extension method 'GetProductsAsync' accepting a first argument of type 'IProductService' could be found (are you missing a using directive or an assembly reference?) [C:\Users\User\Desktop\uni\Advanced Programming\Project\e-shop\EShopOnWeb.csproj]
C:\Users\User\Desktop\uni\Advanced Programming\Project\e-shop\Services\GeminiChatbotService.cs(104,40): error CS1061: 'ICartService' does not contain a definition for 'AddItemToCartAsync' and no accessible extension method 'AddItemToCartAsync' accepting a first argument of type 'ICartService' could be found (are you missing a using directive or an assembly reference?) [C:\Users\User\Desktop\uni\Advanced Programming\Project\e-shop\EShopOnWeb.csproj]

Build FAILED.

C:\Users\User\Desktop\uni\Advanced Programming\Project\e-shop\Services\GeminiChatbotService.cs(40,46): error CS1061: 'IProductService' does not contain a definition for 'GetProductsAsync' and no accessible extension method 'GetProductsAsync' accepting a first argument of type 'IProductService' could be found (are you missing a using directive or an assembly reference?) [C:\Users\User\Desktop\uni\Advanced Programming\Project\e-shop\EShopOnWeb.csproj]
C:\Users\User\Desktop\uni\Advanced Programming\Project\e-shop\Services\GeminiChatbotService.cs(104,40): error CS1061: 'ICartService' does not contain a definition for 'AddItemToCartAsync' and no accessible extension method 'AddItemToCartAsync' accepting a first argument of type 'ICartService' could be found (are you missing a using directive or an assembly reference?) [C:\Users\User\Desktop\uni\Advanced Programming\Project\e-shop\EShopOnWeb.csproj]
    0 Warning(s)
    2 Error(s)

Time Elapsed 00:00:00.88
